<?xml version="1.0" encoding="UTF-8"?>
<testng-results ignored="0" total="2" passed="2" failed="0" skipped="0">
  <reporter-output>
  </reporter-output>
  <suite started-at="2022-08-15T16:17:56 CEST" name="Default suite" finished-at="2022-08-15T16:17:58 CEST" duration-ms="1621">
    <groups>
    </groups>
    <test started-at="2022-08-15T16:17:56 CEST" name="Default test" finished-at="2022-08-15T16:17:58 CEST" duration-ms="1621">
      <class name="OneGET">
        <test-method signature="test_01()[pri:0, instance:OneGET@4d02f94e]" started-at="2022-08-15T16:17:56 CEST" name="test_01" finished-at="2022-08-15T16:17:58 CEST" duration-ms="1216" status="PASS">
          <reporter-output>
          </reporter-output>
        </test-method> <!-- test_01 -->
        <test-method signature="test_02()[pri:0, instance:OneGET@4d02f94e]" started-at="2022-08-15T16:17:58 CEST" name="test_02" finished-at="2022-08-15T16:17:58 CEST" duration-ms="384" status="PASS">
          <reporter-output>
          </reporter-output>
        </test-method> <!-- test_02 -->
      </class> <!-- OneGET -->
    </test> <!-- Default test -->
  </suite> <!-- Default suite -->
</testng-results>
