<?xml version="1.0" encoding="UTF-8"?>
<testng-results ignored="0" total="1" passed="1" failed="0" skipped="0">
  <reporter-output>
  </reporter-output>
  <suite started-at="2022-08-15T16:07:50 CEST" name="Default suite" finished-at="2022-08-15T16:07:51 CEST" duration-ms="1179">
    <groups>
    </groups>
    <test started-at="2022-08-15T16:07:50 CEST" name="Default test" finished-at="2022-08-15T16:07:51 CEST" duration-ms="1179">
      <class name="OneGET">
        <test-method signature="test_01()[pri:0, instance:OneGET@4d02f94e]" started-at="2022-08-15T16:07:50 CEST" name="test_01" finished-at="2022-08-15T16:07:51 CEST" duration-ms="1155" status="PASS">
          <reporter-output>
          </reporter-output>
        </test-method> <!-- test_01 -->
      </class> <!-- OneGET -->
    </test> <!-- Default test -->
  </suite> <!-- Default suite -->
</testng-results>
